[2024-08-13 17:28:09] INFO [django.utils.autoreload:668] Watching for file changes with StatReloader
[2024-08-13 17:28:14] INFO [django.utils.autoreload:668] Watching for file changes with StatReloader
[2024-08-13 17:28:36] DEBUG [shop.views:77] Fetching order with pk=7
[2024-08-13 17:28:36] DEBUG [shop.views:79] Order fetched: OrderRequest 7 - gen.vinnikov@gmail.com
[2024-08-13 17:35:05] INFO [django.utils.autoreload:266] /home/evgenyv/eshop/shop/views.py changed, reloading.
[2024-08-13 17:35:06] INFO [django.utils.autoreload:668] Watching for file changes with StatReloader
[2024-08-13 17:35:11] INFO [django.utils.autoreload:266] /home/evgenyv/eshop/shop/views.py changed, reloading.
[2024-08-13 17:35:11] INFO [django.utils.autoreload:668] Watching for file changes with StatReloader
[2024-08-13 17:36:11] INFO [django.utils.autoreload:266] /home/evgenyv/eshop/shop/views.py changed, reloading.
[2024-08-13 17:36:11] INFO [django.utils.autoreload:668] Watching for file changes with StatReloader
[2024-08-13 17:36:47] DEBUG [shop.views:77] Fetching order with pk=10
[2024-08-13 17:36:47] DEBUG [shop.views:79] Order fetched: (10, 1)
[2024-08-13 18:37:04] INFO [django.utils.autoreload:668] Watching for file changes with StatReloader
[2024-08-13 18:37:35] DEBUG [shop.views:77] Fetching order with pk=11
[2024-08-13 18:37:35] DEBUG [shop.views:79] Order fetched: (11, 1)
[2024-08-14 04:08:15] INFO [django.utils.autoreload:668] Watching for file changes with StatReloader
[2024-08-14 04:08:58] DEBUG [shop.views:77] Fetching order with pk=12
[2024-08-14 04:08:58] DEBUG [shop.views:79] Order fetched: (12, 1)
[2024-08-14 04:18:23] DEBUG [shop.views:77] Fetching order with pk=13
[2024-08-14 04:18:23] DEBUG [shop.views:79] Order fetched: (13, 1)
[2024-08-14 04:35:41] INFO [django.utils.autoreload:668] Watching for file changes with StatReloader
[2024-08-14 04:36:21] DEBUG [shop.views:77] Fetching order with pk=14
[2024-08-14 04:36:21] DEBUG [shop.views:79] Order fetched: (14, 1)
[2024-08-14 05:54:59] DEBUG [shop.views:77] Fetching order with pk=10
[2024-08-14 05:54:59] DEBUG [shop.views:79] Order fetched: (10, 1)
[2024-08-14 05:55:08] DEBUG [shop.views:77] Fetching order with pk=14
[2024-08-14 05:55:08] DEBUG [shop.views:79] Order fetched: (14, 1)
[2024-08-14 05:55:14] DEBUG [shop.views:77] Fetching order with pk=12
[2024-08-14 05:55:14] DEBUG [shop.views:79] Order fetched: (12, 1)
[2024-08-14 05:55:57] DEBUG [shop.views:77] Fetching order with pk=12
[2024-08-14 05:55:57] DEBUG [shop.views:79] Order fetched: (12, 1)
[2024-08-14 05:58:05] DEBUG [shop.views:77] Fetching order with pk=15
[2024-08-14 05:58:05] DEBUG [shop.views:79] Order fetched: (15, 1)
[2024-08-14 07:25:05] INFO [django.utils.autoreload:668] Watching for file changes with StatReloader
[2024-08-14 07:25:41] DEBUG [shop.views:77] Fetching order with pk=16
[2024-08-14 07:25:41] ERROR [django.request:241] Internal Server Error: /order/16/
Traceback (most recent call last):
  File "/home/evgenyv/eshop/venv/lib/python3.10/site-packages/django/core/handlers/exception.py", line 55, in inner
    response = get_response(request)
  File "/home/evgenyv/eshop/venv/lib/python3.10/site-packages/django/core/handlers/base.py", line 197, in _get_response
    response = wrapped_callback(request, *callback_args, **callback_kwargs)
  File "/home/evgenyv/eshop/shop/views.py", line 79, in order_detail
    logger.debug(f"Order fetched: {order.id, order.quantity, order.budget_range.value}")
AttributeError: 'int' object has no attribute 'value'
[2024-08-14 07:26:24] INFO [django.utils.autoreload:266] /home/evgenyv/eshop/shop/views.py changed, reloading.
[2024-08-14 07:26:24] INFO [django.utils.autoreload:668] Watching for file changes with StatReloader
[2024-08-14 07:26:26] INFO [django.utils.autoreload:266] /home/evgenyv/eshop/shop/views.py changed, reloading.
[2024-08-14 07:26:26] INFO [django.utils.autoreload:668] Watching for file changes with StatReloader
[2024-08-14 07:26:29] DEBUG [shop.views:77] Fetching order with pk=16
[2024-08-14 07:26:29] DEBUG [shop.views:79] Order fetched: (16, 1, 1)
[2024-08-14 07:27:03] DEBUG [shop.views:77] Fetching order with pk=17
[2024-08-14 07:27:03] DEBUG [shop.views:79] Order fetched: (17, 1, 2)
[2024-08-14 07:30:30] DEBUG [shop.views:77] Fetching order with pk=17
[2024-08-14 07:30:30] DEBUG [shop.views:79] Order fetched: (17, 1, 2)
[2024-08-14 07:30:47] DEBUG [shop.views:77] Fetching order with pk=17
[2024-08-14 07:30:47] DEBUG [shop.views:79] Order fetched: (17, 1, 2)
[2024-08-14 07:30:50] DEBUG [shop.views:77] Fetching order with pk=17
[2024-08-14 07:30:50] DEBUG [shop.views:79] Order fetched: (17, 1, 2)
[2024-08-14 07:30:59] DEBUG [shop.views:77] Fetching order with pk=18
[2024-08-14 07:30:59] DEBUG [shop.views:79] Order fetched: (18, 1, 2)
[2024-08-14 09:11:16] INFO [django.utils.autoreload:668] Watching for file changes with StatReloader
[2024-08-14 09:19:35] INFO [django.utils.autoreload:668] Watching for file changes with StatReloader
[2024-08-14 09:19:52] INFO [django.utils.autoreload:668] Watching for file changes with StatReloader
[2024-08-14 09:20:16] DEBUG [shop.views:77] Fetching order with pk=19
[2024-08-14 09:20:16] DEBUG [shop.views:79] Order fetched: (19, 1, 2)
[2024-08-14 09:23:38] DEBUG [shop.views:77] Fetching order with pk=19
[2024-08-14 09:23:38] DEBUG [shop.views:79] Order fetched: (19, 1, 2)
[2024-08-14 09:23:38] ERROR [django.request:241] Internal Server Error: /order/19/
Traceback (most recent call last):
  File "/home/evgenyv/eshop/venv/lib/python3.10/site-packages/django/template/base.py", line 502, in parse
    compile_func = self.tags[command]
KeyError: 'endfor'

During handling of the above exception, another exception occurred:

Traceback (most recent call last):
  File "/home/evgenyv/eshop/venv/lib/python3.10/site-packages/django/core/handlers/exception.py", line 55, in inner
    response = get_response(request)
  File "/home/evgenyv/eshop/venv/lib/python3.10/site-packages/django/core/handlers/base.py", line 197, in _get_response
    response = wrapped_callback(request, *callback_args, **callback_kwargs)
  File "/home/evgenyv/eshop/shop/views.py", line 81, in order_detail
    return render(request, 'shop/order_detail.html', {'order': order})
  File "/home/evgenyv/eshop/venv/lib/python3.10/site-packages/django/shortcuts.py", line 25, in render
    content = loader.render_to_string(template_name, context, request, using=using)
  File "/home/evgenyv/eshop/venv/lib/python3.10/site-packages/django/template/loader.py", line 61, in render_to_string
    template = get_template(template_name, using=using)
  File "/home/evgenyv/eshop/venv/lib/python3.10/site-packages/django/template/loader.py", line 15, in get_template
    return engine.get_template(template_name)
  File "/home/evgenyv/eshop/venv/lib/python3.10/site-packages/django/template/backends/django.py", line 33, in get_template
    return Template(self.engine.get_template(template_name), self)
  File "/home/evgenyv/eshop/venv/lib/python3.10/site-packages/django/template/engine.py", line 177, in get_template
    template, origin = self.find_template(template_name)
  File "/home/evgenyv/eshop/venv/lib/python3.10/site-packages/django/template/engine.py", line 159, in find_template
    template = loader.get_template(name, skip=skip)
  File "/home/evgenyv/eshop/venv/lib/python3.10/site-packages/django/template/loaders/cached.py", line 57, in get_template
    template = super().get_template(template_name, skip)
  File "/home/evgenyv/eshop/venv/lib/python3.10/site-packages/django/template/loaders/base.py", line 28, in get_template
    return Template(
  File "/home/evgenyv/eshop/venv/lib/python3.10/site-packages/django/template/base.py", line 154, in __init__
    self.nodelist = self.compile_nodelist()
  File "/home/evgenyv/eshop/venv/lib/python3.10/site-packages/django/template/base.py", line 196, in compile_nodelist
    return parser.parse()
  File "/home/evgenyv/eshop/venv/lib/python3.10/site-packages/django/template/base.py", line 504, in parse
    self.invalid_block_tag(token, command, parse_until)
  File "/home/evgenyv/eshop/venv/lib/python3.10/site-packages/django/template/base.py", line 565, in invalid_block_tag
    raise self.error(
django.template.exceptions.TemplateSyntaxError: Invalid block tag on line 24: 'endfor'. Did you forget to register or load this tag?
[2024-08-14 09:24:40] DEBUG [shop.views:77] Fetching order with pk=19
[2024-08-14 09:24:40] DEBUG [shop.views:79] Order fetched: (19, 1, 2)
[2024-08-14 09:24:40] ERROR [django.request:241] Internal Server Error: /order/19/
Traceback (most recent call last):
  File "/home/evgenyv/eshop/venv/lib/python3.10/site-packages/django/template/base.py", line 502, in parse
    compile_func = self.tags[command]
KeyError: 'endfor'

During handling of the above exception, another exception occurred:

Traceback (most recent call last):
  File "/home/evgenyv/eshop/venv/lib/python3.10/site-packages/django/core/handlers/exception.py", line 55, in inner
    response = get_response(request)
  File "/home/evgenyv/eshop/venv/lib/python3.10/site-packages/django/core/handlers/base.py", line 197, in _get_response
    response = wrapped_callback(request, *callback_args, **callback_kwargs)
  File "/home/evgenyv/eshop/shop/views.py", line 81, in order_detail
    return render(request, 'shop/order_detail.html', {'order': order})
  File "/home/evgenyv/eshop/venv/lib/python3.10/site-packages/django/shortcuts.py", line 25, in render
    content = loader.render_to_string(template_name, context, request, using=using)
  File "/home/evgenyv/eshop/venv/lib/python3.10/site-packages/django/template/loader.py", line 61, in render_to_string
    template = get_template(template_name, using=using)
  File "/home/evgenyv/eshop/venv/lib/python3.10/site-packages/django/template/loader.py", line 15, in get_template
    return engine.get_template(template_name)
  File "/home/evgenyv/eshop/venv/lib/python3.10/site-packages/django/template/backends/django.py", line 33, in get_template
    return Template(self.engine.get_template(template_name), self)
  File "/home/evgenyv/eshop/venv/lib/python3.10/site-packages/django/template/engine.py", line 177, in get_template
    template, origin = self.find_template(template_name)
  File "/home/evgenyv/eshop/venv/lib/python3.10/site-packages/django/template/engine.py", line 159, in find_template
    template = loader.get_template(name, skip=skip)
  File "/home/evgenyv/eshop/venv/lib/python3.10/site-packages/django/template/loaders/cached.py", line 57, in get_template
    template = super().get_template(template_name, skip)
  File "/home/evgenyv/eshop/venv/lib/python3.10/site-packages/django/template/loaders/base.py", line 28, in get_template
    return Template(
  File "/home/evgenyv/eshop/venv/lib/python3.10/site-packages/django/template/base.py", line 154, in __init__
    self.nodelist = self.compile_nodelist()
  File "/home/evgenyv/eshop/venv/lib/python3.10/site-packages/django/template/base.py", line 196, in compile_nodelist
    return parser.parse()
  File "/home/evgenyv/eshop/venv/lib/python3.10/site-packages/django/template/base.py", line 504, in parse
    self.invalid_block_tag(token, command, parse_until)
  File "/home/evgenyv/eshop/venv/lib/python3.10/site-packages/django/template/base.py", line 565, in invalid_block_tag
    raise self.error(
django.template.exceptions.TemplateSyntaxError: Invalid block tag on line 25: 'endfor'. Did you forget to register or load this tag?
[2024-08-14 09:25:43] DEBUG [shop.views:77] Fetching order with pk=19
[2024-08-14 09:25:43] DEBUG [shop.views:79] Order fetched: (19, 1, 2)
[2024-08-14 09:25:43] ERROR [django.request:241] Internal Server Error: /order/19/
Traceback (most recent call last):
  File "/home/evgenyv/eshop/venv/lib/python3.10/site-packages/django/template/base.py", line 502, in parse
    compile_func = self.tags[command]
KeyError: 'endfor'

During handling of the above exception, another exception occurred:

Traceback (most recent call last):
  File "/home/evgenyv/eshop/venv/lib/python3.10/site-packages/django/core/handlers/exception.py", line 55, in inner
    response = get_response(request)
  File "/home/evgenyv/eshop/venv/lib/python3.10/site-packages/django/core/handlers/base.py", line 197, in _get_response
    response = wrapped_callback(request, *callback_args, **callback_kwargs)
  File "/home/evgenyv/eshop/shop/views.py", line 81, in order_detail
    return render(request, 'shop/order_detail.html', {'order': order})
  File "/home/evgenyv/eshop/venv/lib/python3.10/site-packages/django/shortcuts.py", line 25, in render
    content = loader.render_to_string(template_name, context, request, using=using)
  File "/home/evgenyv/eshop/venv/lib/python3.10/site-packages/django/template/loader.py", line 61, in render_to_string
    template = get_template(template_name, using=using)
  File "/home/evgenyv/eshop/venv/lib/python3.10/site-packages/django/template/loader.py", line 15, in get_template
    return engine.get_template(template_name)
  File "/home/evgenyv/eshop/venv/lib/python3.10/site-packages/django/template/backends/django.py", line 33, in get_template
    return Template(self.engine.get_template(template_name), self)
  File "/home/evgenyv/eshop/venv/lib/python3.10/site-packages/django/template/engine.py", line 177, in get_template
    template, origin = self.find_template(template_name)
  File "/home/evgenyv/eshop/venv/lib/python3.10/site-packages/django/template/engine.py", line 159, in find_template
    template = loader.get_template(name, skip=skip)
  File "/home/evgenyv/eshop/venv/lib/python3.10/site-packages/django/template/loaders/cached.py", line 57, in get_template
    template = super().get_template(template_name, skip)
  File "/home/evgenyv/eshop/venv/lib/python3.10/site-packages/django/template/loaders/base.py", line 28, in get_template
    return Template(
  File "/home/evgenyv/eshop/venv/lib/python3.10/site-packages/django/template/base.py", line 154, in __init__
    self.nodelist = self.compile_nodelist()
  File "/home/evgenyv/eshop/venv/lib/python3.10/site-packages/django/template/base.py", line 196, in compile_nodelist
    return parser.parse()
  File "/home/evgenyv/eshop/venv/lib/python3.10/site-packages/django/template/base.py", line 504, in parse
    self.invalid_block_tag(token, command, parse_until)
  File "/home/evgenyv/eshop/venv/lib/python3.10/site-packages/django/template/base.py", line 565, in invalid_block_tag
    raise self.error(
django.template.exceptions.TemplateSyntaxError: Invalid block tag on line 21: 'endfor'. Did you forget to register or load this tag?
[2024-08-14 09:26:15] DEBUG [shop.views:77] Fetching order with pk=19
[2024-08-14 09:26:15] DEBUG [shop.views:79] Order fetched: (19, 1, 2)
[2024-08-14 09:26:37] DEBUG [shop.views:77] Fetching order with pk=19
[2024-08-14 09:26:37] DEBUG [shop.views:79] Order fetched: (19, 1, 2)
[2024-08-14 09:26:39] DEBUG [shop.views:77] Fetching order with pk=19
[2024-08-14 09:26:39] DEBUG [shop.views:79] Order fetched: (19, 1, 2)
[2024-08-14 09:28:55] DEBUG [shop.views:77] Fetching order with pk=19
[2024-08-14 09:28:55] DEBUG [shop.views:79] Order fetched: (19, 1, 2)
[2024-08-14 09:31:40] INFO [django.utils.autoreload:668] Watching for file changes with StatReloader
[2024-08-14 09:32:06] DEBUG [shop.views:77] Fetching order with pk=20
[2024-08-14 09:32:06] DEBUG [shop.views:79] Order fetched: (20, 1, 1)
[2024-08-15 16:58:11] INFO [django.utils.autoreload:668] Watching for file changes with StatReloader
[2024-08-15 16:58:19] WARNING [django.request:241] Not Found: /favicon.ico
[2024-08-15 16:58:35] DEBUG [shop.views:77] Fetching order with pk=17
[2024-08-15 16:58:35] DEBUG [shop.views:79] Order fetched: (17, 1, 2)
[2024-08-15 16:59:34] INFO [django.utils.autoreload:668] Watching for file changes with StatReloader
[2024-08-15 16:59:51] DEBUG [shop.views:77] Fetching order with pk=17
[2024-08-15 16:59:51] DEBUG [shop.views:79] Order fetched: (17, 1, 2)
[2024-08-15 17:02:23] DEBUG [shop.views:77] Fetching order with pk=17
[2024-08-15 17:02:23] DEBUG [shop.views:79] Order fetched: (17, 1, 2)
[2024-08-15 17:02:59] DEBUG [shop.views:77] Fetching order with pk=17
[2024-08-15 17:02:59] DEBUG [shop.views:79] Order fetched: (17, 1, 2)
[2024-08-15 17:05:00] INFO [django.utils.autoreload:668] Watching for file changes with StatReloader
[2024-08-15 17:05:06] DEBUG [shop.views:77] Fetching order with pk=17
[2024-08-15 17:05:06] DEBUG [shop.views:79] Order fetched: (17, 1, 2)
[2024-08-15 17:05:07] DEBUG [shop.views:77] Fetching order with pk=17
[2024-08-15 17:05:07] DEBUG [shop.views:79] Order fetched: (17, 1, 2)
[2024-08-15 17:05:08] DEBUG [shop.views:77] Fetching order with pk=17
[2024-08-15 17:05:08] DEBUG [shop.views:79] Order fetched: (17, 1, 2)
[2024-08-15 17:05:08] DEBUG [shop.views:77] Fetching order with pk=17
[2024-08-15 17:05:08] DEBUG [shop.views:79] Order fetched: (17, 1, 2)
[2024-08-15 17:05:08] DEBUG [shop.views:77] Fetching order with pk=17
[2024-08-15 17:05:08] DEBUG [shop.views:79] Order fetched: (17, 1, 2)
[2024-08-15 17:05:08] DEBUG [shop.views:77] Fetching order with pk=17
[2024-08-15 17:05:08] DEBUG [shop.views:79] Order fetched: (17, 1, 2)
[2024-08-15 17:05:09] DEBUG [shop.views:77] Fetching order with pk=17
[2024-08-15 17:05:09] DEBUG [shop.views:79] Order fetched: (17, 1, 2)
[2024-08-15 17:05:09] DEBUG [shop.views:77] Fetching order with pk=17
[2024-08-15 17:05:09] DEBUG [shop.views:79] Order fetched: (17, 1, 2)
[2024-08-15 17:05:09] DEBUG [shop.views:77] Fetching order with pk=17
[2024-08-15 17:05:09] DEBUG [shop.views:79] Order fetched: (17, 1, 2)
[2024-08-15 17:05:24] DEBUG [shop.views:77] Fetching order with pk=17
[2024-08-15 17:05:24] DEBUG [shop.views:79] Order fetched: (17, 1, 2)
[2024-08-15 18:11:09] DEBUG [shop.views:77] Fetching order with pk=17
[2024-08-15 18:11:09] DEBUG [shop.views:79] Order fetched: (17, 1, 2)
[2024-08-15 18:11:11] DEBUG [shop.views:77] Fetching order with pk=17
[2024-08-15 18:11:11] DEBUG [shop.views:79] Order fetched: (17, 1, 2)
[2024-08-15 18:11:12] DEBUG [shop.views:77] Fetching order with pk=17
[2024-08-15 18:11:12] DEBUG [shop.views:79] Order fetched: (17, 1, 2)
[2024-08-15 18:13:12] DEBUG [shop.views:77] Fetching order with pk=17
[2024-08-15 18:13:12] DEBUG [shop.views:79] Order fetched: (17, 1, 2)
